<?xml version="1.0" encoding="UTF-8"?>
<robot generator="Robot 7.3.2 (Python 3.13.7 on win32)" generated="2025-09-21T20:43:36.599788" rpa="false" schemaversion="5">
<suite id="s1" name="Pokemon" source="C:\Users\darla\Desktop\pokemon">
<suite id="s1-s1" name="Poke Battle" source="C:\Users\darla\Desktop\pokemon\poke_battle">
<suite id="s1-s1-s1" name="Test Suites" source="C:\Users\darla\Desktop\pokemon\poke_battle\test_suites.robot">
<test id="s1-s1-s1-t1" name="Test 3 : Duel Interactif" line="69">
<kw name="Create List" owner="BuiltIn">
<msg time="2025-09-21T20:43:36.801906" level="INFO">@{choices} = [ 1 | 1 | 2 | 1 | 1 | 1 | 1 | 1 | 1 ]</msg>
<var>@{choices}</var>
<arg>1</arg>
<arg>1</arg>
<arg>2</arg>
<arg>1</arg>
<arg>1</arg>
<arg>1</arg>
<arg>1</arg>
<arg>1</arg>
<arg>1</arg>
<doc>Returns a list containing given items.</doc>
<status status="PASS" start="2025-09-21T20:43:36.801684" elapsed="0.000259"/>
</kw>
<kw name="Evaluate" owner="BuiltIn">
<msg time="2025-09-21T20:43:36.803084" level="INFO">${inputs} = 1
1
2
1
1
1
1
1
1
</msg>
<var>${inputs}</var>
<arg>'\\n'.join(${choices}) + '\\n'</arg>
<doc>Evaluates the given expression in Python and returns the result.</doc>
<status status="PASS" start="2025-09-21T20:43:36.802797" elapsed="0.000313"/>
</kw>
<kw name="Run Process" owner="Process">
<msg time="2025-09-21T20:43:36.804839" level="INFO">Starting process:
python -m poke_battle</msg>
<msg time="2025-09-21T20:43:36.821129" level="INFO">Waiting for process to complete.</msg>
<msg time="2025-09-21T20:43:37.739451" level="INFO">Process completed.</msg>
<arg>${CMD}</arg>
<arg>shell=True</arg>
<arg>stdin=${inputs}</arg>
<arg>stdout=${TEMPDIR}/stdout.txt</arg>
<arg>stderr=${TEMPDIR}/stderr.txt</arg>
<doc>Runs a process and waits for it to complete.</doc>
<status status="PASS" start="2025-09-21T20:43:36.803424" elapsed="0.936560"/>
</kw>
<kw name="Get File" owner="OperatingSystem">
<msg time="2025-09-21T20:43:37.742799" level="INFO" html="true">Getting file '&lt;a href="file://C:\Users\darla\Desktop\pokemon\poke_battle\temp\stdout.txt"&gt;C:\Users\darla\Desktop\pokemon\poke_battle\temp\stdout.txt&lt;/a&gt;'.</msg>
<msg time="2025-09-21T20:43:37.744046" level="INFO">${stdout} = === Combat Pokémon – Console ===
1) Duel interactif
2) Mode Démonstration (stable pour tests)
3) Quitter
&gt; Choisissez le Pokémon 1 :
 1. Pikachu
 2. Bulbizarre
 3. Salamèche
 4. Carapuce
&gt; Choisissez ...</msg>
<var>${stdout}</var>
<arg>${TEMPDIR}/stdout.txt</arg>
<doc>Returns the contents of a specified file.</doc>
<status status="PASS" start="2025-09-21T20:43:37.742274" elapsed="0.001823"/>
</kw>
<kw name="Get File" owner="OperatingSystem">
<msg time="2025-09-21T20:43:37.747701" level="INFO" html="true">Getting file '&lt;a href="file://C:\Users\darla\Desktop\pokemon\poke_battle\temp\stderr.txt"&gt;C:\Users\darla\Desktop\pokemon\poke_battle\temp\stderr.txt&lt;/a&gt;'.</msg>
<msg time="2025-09-21T20:43:37.751759" level="INFO">${stderr} = </msg>
<var>${stderr}</var>
<arg>${TEMPDIR}/stderr.txt</arg>
<doc>Returns the contents of a specified file.</doc>
<status status="PASS" start="2025-09-21T20:43:37.744862" elapsed="0.007130"/>
</kw>
<kw name="Set Variable" owner="BuiltIn">
<msg time="2025-09-21T20:43:37.756283" level="INFO">${out} = === Combat Pokémon – Console ===
1) Duel interactif
2) Mode Démonstration (stable pour tests)
3) Quitter
&gt; Choisissez le Pokémon 1 :
 1. Pikachu
 2. Bulbizarre
 3. Salamèche
 4. Carapuce
&gt; Choisissez ...</msg>
<var>${out}</var>
<arg>${stdout}${stderr}</arg>
<doc>Returns the given values which can then be assigned to a variables.</doc>
<status status="PASS" start="2025-09-21T20:43:37.754632" elapsed="0.001949"/>
</kw>
<kw name="Should Contain" owner="BuiltIn">
<arg>${out}</arg>
<arg>== État actuel ==</arg>
<doc>Fails if ``container`` does not contain ``item`` one or more times.</doc>
<status status="PASS" start="2025-09-21T20:43:37.759162" elapsed="0.000703"/>
</kw>
<kw name="Should Contain" owner="BuiltIn">
<arg>${out}</arg>
<arg>Pikachu</arg>
<doc>Fails if ``container`` does not contain ``item`` one or more times.</doc>
<status status="PASS" start="2025-09-21T20:43:37.763562" elapsed="0.000791"/>
</kw>
<kw name="Should Contain" owner="BuiltIn">
<arg>${out}</arg>
<arg>Bulbizarre</arg>
<doc>Fails if ``container`` does not contain ``item`` one or more times.</doc>
<status status="PASS" start="2025-09-21T20:43:37.766281" elapsed="0.000337"/>
</kw>
<kw name="Should Contain" owner="BuiltIn">
<arg>${out}</arg>
<arg>PP</arg>
<doc>Fails if ``container`` does not contain ``item`` one or more times.</doc>
<status status="PASS" start="2025-09-21T20:43:37.769072" elapsed="0.000381"/>
</kw>
<kw name="Should Contain" owner="BuiltIn">
<arg>${out}</arg>
<arg>inflige</arg>
<doc>Fails if ``container`` does not contain ``item`` one or more times.</doc>
<status status="PASS" start="2025-09-21T20:43:37.770241" elapsed="0.000692"/>
</kw>
<kw name="Should Contain" owner="BuiltIn">
<arg>${out}</arg>
<arg>PV</arg>
<doc>Fails if ``container`` does not contain ``item`` one or more times.</doc>
<status status="PASS" start="2025-09-21T20:43:37.772171" elapsed="0.000349"/>
</kw>
<kw name="Should Contain" owner="BuiltIn">
<arg>${out}</arg>
<arg>${PROMPT}</arg>
<doc>Fails if ``container`` does not contain ``item`` one or more times.</doc>
<status status="PASS" start="2025-09-21T20:43:37.773356" elapsed="0.000142"/>
</kw>
<doc>Vérifie le bon déroulement d'un duel interactif (smoke test) en simulant une séquence d'entrées valides.</doc>
<status status="PASS" start="2025-09-21T20:43:36.800297" elapsed="0.973534"/>
</test>
<doc>Suite de tests Robot Framework pour le mini-projet Pokémon</doc>
<status status="PASS" start="2025-09-21T20:43:36.647103" elapsed="1.128762"/>
</suite>
<status status="PASS" start="2025-09-21T20:43:36.644925" elapsed="1.132989"/>
</suite>
<status status="PASS" start="2025-09-21T20:43:36.601982" elapsed="1.177542"/>
</suite>
<statistics>
<total>
<stat pass="1" fail="0" skip="0">All Tests</stat>
</total>
<tag>
</tag>
<suite>
<stat name="Pokemon" id="s1" pass="1" fail="0" skip="0">Pokemon</stat>
<stat name="Poke Battle" id="s1-s1" pass="1" fail="0" skip="0">Pokemon.Poke Battle</stat>
<stat name="Test Suites" id="s1-s1-s1" pass="1" fail="0" skip="0">Pokemon.Poke Battle.Test Suites</stat>
</suite>
</statistics>
<errors>
</errors>
</robot>
